(bcarlier)Running: Start Machine	 [ exec-time =  0.000 ms ]
(bcarlier)Running: Boil Water		 [ exec-time =  0.000 ms ]
(bcarlier)Running: Make Coffee		 [ exec-time =  2.005 ms ]
(bcarlier)Running: Start Machine	 [ exec-time =  0.000 ms ]
(bcarlier)Running: Boil Water		 [ exec-time =  0.000 ms ]
(bcarlier)Running: Make Coffee		 [ exec-time =  2.005 ms ]
(bcarlier)Running: Start Machine	 [ exec-time =  0.000 ms ]
(bcarlier)Running: Boil Water		 [ exec-time =  0.000 ms ]
(bcarlier)Running: Make Coffee		 [ exec-time =  2.005 ms ]
(bcarlier)Running: Start Machine	 [ exec-time =  0.000 ms ]
(bcarlier)Running: Boil Water		 [ exec-time =  0.000 ms ]
(bcarlier)Running: Make Coffee		 [ exec-time =  2.005 ms ]
(bcarlier)Running: Start Machine	 [ exec-time =  0.000 ms ]
(bcarlier)Running: Make Coffee		 [ exec-time =  0.000 ms ]
(bcarlier)Running: Start Machine	 [ exec-time =  0.000 ms ]
(bcarlier)Running: Make Coffee		 [ exec-time =  0.000 ms ]
(bcarlier)Running: Add Water		 [ exec-time =  2.002 ms ]
(bcarlier)Running: Start Machine	 [ exec-time =  0.000 ms ]
(bcarlier)Running: Boil Water		 [ exec-time =  0.000 ms ]
(bcarlier)Running: Make Coffee		 [ exec-time =  2.005 ms ]
(bcarlier)Running: Start Machine	 [ exec-time =  0.000 ms ]
(bcarlier)Running: Boil Water		 [ exec-time =  0.000 ms ]
(bcarlier)Running: Make Coffee		 [ exec-time =  2.005 ms ]
(bcarlier)Running: Start Machine	 [ exec-time =  0.000 ms ]
(bcarlier)Running: Boil Water		 [ exec-time =  0.000 ms ]
(bcarlier)Running: Make Coffee		 [ exec-time =  2.005 ms ]
(bcarlier)Running: Start Machine	 [ exec-time =  0.000 ms ]
(bcarlier)Running: Boil Water		 [ exec-time =  0.000 ms ]
(bcarlier)Running: Make Coffee		 [ exec-time =  2.005 ms ]
(bcarlier)Running: Start Machine	 [ exec-time =  0.000 ms ]
(bcarlier)Running: Make Coffee		 [ exec-time =  0.000 ms ]
(bcarlier)Running: Start Machine	 [ exec-time =  0.000 ms ]
(bcarlier)Running: Make Coffee		 [ exec-time =  0.000 ms ]
(bcarlier)Running: Add Water		 [ exec-time =  1.001 ms ]
(cmaxtime)Running: Start Machine	 [ exec-time =  0.000 ms ]
(cmaxtime)Running: Boil Water		 [ exec-time =  0.000 ms ]
(cmaxtime)Running: Make Coffee		 [ exec-time =  2.005 ms ]
(cmaxtime)Running: Start Machine	 [ exec-time =  0.000 ms ]
(cmaxtime)Running: Boil Water		 [ exec-time =  0.000 ms ]
(cmaxtime)Running: Make Coffee		 [ exec-time =  2.005 ms ]
(cmaxtime)Running: Start Machine	 [ exec-time =  0.000 ms ]
(cmaxtime)Running: Boil Water		 [ exec-time =  0.000 ms ]
(cmaxtime)Running: Make Coffee		 [ exec-time =  2.005 ms ]
(cmaxtime)Running: Start Machine	 [ exec-time =  0.000 ms ]
(cmaxtime)Running: Boil Water		 [ exec-time =  0.000 ms ]
(cmaxtime)Running: Make Coffee		 [ exec-time =  2.005 ms ]
(cmaxtime)Running: Start Machine	 [ exec-time =  0.000 ms ]
(cmaxtime)Running: Make Coffee		 [ exec-time =  0.000 ms ]
(cmaxtime)Running: Start Machine	 [ exec-time =  0.000 ms ]
(cmaxtime)Running: Make Coffee		 [ exec-time =  0.000 ms ]
(cmaxtime)Running: Add Water		 [ exec-time =  5.005 ms ]
